# JRE version: Java(TM) SE Runtime Environment (17.0.2+8) (build 17.0.2+8-LTS-86)
# Java VM: Java HotSpot(TM) 64-Bit Server VM (17.0.2+8-LTS-86, mixed mode, sharing, tiered, compressed oops, compressed class ptrs, g1 gc, windows-amd64)
GC Precious Log:
 CPUs: 12 total, 12 available
 Memory: 14188M
 Large Page Support: Disabled
 NUMA Support: Disabled
 Compressed Oops: Enabled (Zero based)
 Heap Region Size: 2M
 Heap Min Capacity: 8M
 Heap Initial Capacity: 222M
 Heap Max Capacity: 3548M
 Pre-touch: Disabled
 Parallel Workers: 10
 Concurrent Workers: 3
 Concurrent Refinement Workers: 10
 Periodic GC: Disabled
Heap:
 garbage-first heap   total 227328K, used 98105K [0x0000000722400000, 0x0000000800000000)
  region size 2048K, 40 young (81920K), 9 survivors (18432K)
 Metaspace       used 11708K, committed 11968K, reserved 1064960K
  class space    used 1121K, committed 1280K, reserved 1048576K
GC Heap History (6 events):
Event: 5.698 GC heap before
{Heap before GC invocations=0 (full 0):
 garbage-first heap   total 227328K, used 30720K [0x0000000722400000, 0x0000000800000000)
  region size 2048K, 11 young (22528K), 0 survivors (0K)
 Metaspace       used 10523K, committed 10816K, reserved 1064960K
  class space    used 1116K, committed 1280K, reserved 1048576K
}
Event: 5.702 GC heap after
{Heap after GC invocations=1 (full 0):
 garbage-first heap   total 227328K, used 12708K [0x0000000722400000, 0x0000000800000000)
  region size 2048K, 2 young (4096K), 2 survivors (4096K)
 Metaspace       used 10523K, committed 10816K, reserved 1064960K
  class space    used 1116K, committed 1280K, reserved 1048576K
}
Event: 13.888 GC heap before
{Heap before GC invocations=1 (full 0):
 garbage-first heap   total 227328K, used 39332K [0x0000000722400000, 0x0000000800000000)
  region size 2048K, 15 young (30720K), 2 survivors (4096K)
 Metaspace       used 11049K, committed 11328K, reserved 1064960K
  class space    used 1117K, committed 1280K, reserved 1048576K
}
Event: 13.893 GC heap after
{Heap after GC invocations=2 (full 0):
 garbage-first heap   total 227328K, used 16605K [0x0000000722400000, 0x0000000800000000)
  region size 2048K, 2 young (4096K), 2 survivors (4096K)
 Metaspace       used 11049K, committed 11328K, reserved 1064960K
  class space    used 1117K, committed 1280K, reserved 1048576K
}
Event: 62.999 GC heap before
{Heap before GC invocations=2 (full 0):
 garbage-first heap   total 227328K, used 147677K [0x0000000722400000, 0x0000000800000000)
  region size 2048K, 66 young (135168K), 2 survivors (4096K)
 Metaspace       used 11655K, committed 11904K, reserved 1064960K
  class space    used 1119K, committed 1280K, reserved 1048576K
}
Event: 63.052 GC heap after
{Heap after GC invocations=3 (full 0):
 garbage-first heap   total 227328K, used 36665K [0x0000000722400000, 0x0000000800000000)
  region size 2048K, 9 young (18432K), 9 survivors (18432K)
 Metaspace       used 11655K, committed 11904K, reserved 1064960K
  class space    used 1119K, committed 1280K, reserved 1048576K
}

